<?xml version="1.0" encoding="UTF-8"?>
<testsuite name="com.cloudstream.tr.yesilcamtv.YesilCamTvParserTest" tests="2" skipped="0" failures="0" errors="0" timestamp="2026-09-11T19:08:28" hostname="EMRE" time="1.256">
  <properties/>
  <testcase name="testParseSearchItem" classname="com.cloudstream.tr.yesilcamtv.YesilCamTvParserTest" time="1.17"/>
  <testcase name="testParseLoadMetadata" classname="com.cloudstream.tr.yesilcamtv.YesilCamTvParserTest" time="0.084"/>
  <system-out><![CDATA[]]></system-out>
  <system-err><![CDATA[]]></system-err>
</testsuite>
